# JRE version: Java(TM) SE Runtime Environment (8.0_25-b18) (build 1.8.0_25-b18)
# Java VM: Java HotSpot(TM) 64-Bit Server VM (25.25-b02 mixed mode windows-amd64 compressed oops)
Heap:
 PSYoungGen      total 20480K, used 296K [0x00000000eb400000, 0x00000000ecc00000, 0x0000000100000000)
  eden space 16384K, 1% used [0x00000000eb400000,0x00000000eb44a258,0x00000000ec400000)
  from space 4096K, 0% used [0x00000000ec800000,0x00000000ec800000,0x00000000ecc00000)
  to   space 4096K, 0% used [0x00000000ec400000,0x00000000ec400000,0x00000000ec800000)
 ParOldGen       total 28672K, used 6824K [0x00000000c1c00000, 0x00000000c3800000, 0x00000000eb400000)
  object space 28672K, 23% used [0x00000000c1c00000,0x00000000c22aa238,0x00000000c3800000)
 Metaspace       used 23817K, capacity 24006K, committed 24192K, reserved 1071104K
  class space    used 2318K, capacity 2377K, committed 2432K, reserved 1048576K
GC Heap History (10 events):
Event: 141.024 GC heap before
{Heap before GC invocations=4 (full 1):
 PSYoungGen      total 18944K, used 16384K [0x00000000eb400000, 0x00000000ec900000, 0x0000000100000000)
  eden space 16384K, 100% used [0x00000000eb400000,0x00000000ec400000,0x00000000ec400000)
  from space 2560K, 0% used [0x00000000ec680000,0x00000000ec680000,0x00000000ec900000)
  to   space 2560K, 0% used [0x00000000ec400000,0x00000000ec400000,0x00000000ec680000)
 ParOldGen       total 20480K, used 3125K [0x00000000c1c00000, 0x00000000c3000000, 0x00000000eb400000)
  object space 20480K, 15% used [0x00000000c1c00000,0x00000000c1f0d460,0x00000000c3000000)
 Metaspace       used 23043K, capacity 23232K, committed 23552K, reserved 1071104K
  class space    used 2187K, capacity 2248K, committed 2304K, reserved 1048576K
Event: 141.028 GC heap after
Heap after GC invocations=4 (full 1):
 PSYoungGen      total 18944K, used 2544K [0x00000000eb400000, 0x00000000ec900000, 0x0000000100000000)
  eden space 16384K, 0% used [0x00000000eb400000,0x00000000eb400000,0x00000000ec400000)
  from space 2560K, 99% used [0x00000000ec400000,0x00000000ec67c128,0x00000000ec680000)
  to   space 2560K, 0% used [0x00000000ec680000,0x00000000ec680000,0x00000000ec900000)
 ParOldGen       total 20480K, used 3943K [0x00000000c1c00000, 0x00000000c3000000, 0x00000000eb400000)
  object space 20480K, 19% used [0x00000000c1c00000,0x00000000c1fd9cd0,0x00000000c3000000)
 Metaspace       used 23043K, capacity 23232K, committed 23552K, reserved 1071104K
  class space    used 2187K, capacity 2248K, committed 2304K, reserved 1048576K
}
Event: 169.240 GC heap before
{Heap before GC invocations=5 (full 1):
 PSYoungGen      total 18944K, used 18403K [0x00000000eb400000, 0x00000000ec900000, 0x0000000100000000)
  eden space 16384K, 96% used [0x00000000eb400000,0x00000000ec37cec8,0x00000000ec400000)
  from space 2560K, 99% used [0x00000000ec400000,0x00000000ec67c128,0x00000000ec680000)
  to   space 2560K, 0% used [0x00000000ec680000,0x00000000ec680000,0x00000000ec900000)
 ParOldGen       total 91136K, used 82084K [0x00000000c1c00000, 0x00000000c7500000, 0x00000000eb400000)
  object space 91136K, 90% used [0x00000000c1c00000,0x00000000c6c290a8,0x00000000c7500000)
 Metaspace       used 23788K, capacity 23936K, committed 24192K, reserved 1071104K
  class space    used 2315K, capacity 2376K, committed 2432K, reserved 1048576K
Event: 169.244 GC heap after
Heap after GC invocations=5 (full 1):
 PSYoungGen      total 18944K, used 2544K [0x00000000eb400000, 0x00000000ec900000, 0x0000000100000000)
  eden space 16384K, 0% used [0x00000000eb400000,0x00000000eb400000,0x00000000ec400000)
  from space 2560K, 99% used [0x00000000ec680000,0x00000000ec8fc128,0x00000000ec900000)
  to   space 2560K, 0% used [0x00000000ec400000,0x00000000ec400000,0x00000000ec680000)
 ParOldGen       total 91136K, used 83193K [0x00000000c1c00000, 0x00000000c7500000, 0x00000000eb400000)
  object space 91136K, 91% used [0x00000000c1c00000,0x00000000c6d3e4f0,0x00000000c7500000)
 Metaspace       used 23788K, capacity 23936K, committed 24192K, reserved 1071104K
  class space    used 2315K, capacity 2376K, committed 2432K, reserved 1048576K
}
Event: 169.648 GC heap before
{Heap before GC invocations=6 (full 1):
 PSYoungGen      total 18944K, used 18928K [0x00000000eb400000, 0x00000000ec900000, 0x0000000100000000)
  eden space 16384K, 100% used [0x00000000eb400000,0x00000000ec400000,0x00000000ec400000)
  from space 2560K, 99% used [0x00000000ec680000,0x00000000ec8fc128,0x00000000ec900000)
  to   space 2560K, 0% used [0x00000000ec400000,0x00000000ec400000,0x00000000ec680000)
 ParOldGen       total 161792K, used 153142K [0x00000000c1c00000, 0x00000000cba00000, 0x00000000eb400000)
  object space 161792K, 94% used [0x00000000c1c00000,0x00000000cb18d8b8,0x00000000cba00000)
 Metaspace       used 23808K, capacity 24006K, committed 24192K, reserved 1071104K
  class space    used 2318K, capacity 2377K, committed 2432K, reserved 1048576K
Event: 169.651 GC heap after
Heap after GC invocations=6 (full 1):
 PSYoungGen      total 18944K, used 2480K [0x00000000eb400000, 0x00000000ecc00000, 0x0000000100000000)
  eden space 16384K, 0% used [0x00000000eb400000,0x00000000eb400000,0x00000000ec400000)
  from space 2560K, 96% used [0x00000000ec400000,0x00000000ec66c128,0x00000000ec680000)
  to   space 4096K, 0% used [0x00000000ec800000,0x00000000ec800000,0x00000000ecc00000)
 ParOldGen       total 161792K, used 153142K [0x00000000c1c00000, 0x00000000cba00000, 0x00000000eb400000)
  object space 161792K, 94% used [0x00000000c1c00000,0x00000000cb18d8b8,0x00000000cba00000)
 Metaspace       used 23808K, capacity 24006K, committed 24192K, reserved 1071104K
  class space    used 2318K, capacity 2377K, committed 2432K, reserved 1048576K
}
Event: 226.689 GC heap before
{Heap before GC invocations=7 (full 1):
 PSYoungGen      total 18944K, used 4922K [0x00000000eb400000, 0x00000000ecc00000, 0x0000000100000000)
  eden space 16384K, 14% used [0x00000000eb400000,0x00000000eb6629a8,0x00000000ec400000)
  from space 2560K, 96% used [0x00000000ec400000,0x00000000ec66c128,0x00000000ec680000)
  to   space 4096K, 0% used [0x00000000ec800000,0x00000000ec800000,0x00000000ecc00000)
 ParOldGen       total 161792K, used 153142K [0x00000000c1c00000, 0x00000000cba00000, 0x00000000eb400000)
  object space 161792K, 94% used [0x00000000c1c00000,0x00000000cb18d8b8,0x00000000cba00000)
 Metaspace       used 23816K, capacity 24006K, committed 24192K, reserved 1071104K
  class space    used 2318K, capacity 2377K, committed 2432K, reserved 1048576K
Event: 226.693 GC heap after
Heap after GC invocations=7 (full 1):
 PSYoungGen      total 20480K, used 2576K [0x00000000eb400000, 0x00000000ecc00000, 0x0000000100000000)
  eden space 16384K, 0% used [0x00000000eb400000,0x00000000eb400000,0x00000000ec400000)
  from space 4096K, 62% used [0x00000000ec800000,0x00000000eca84128,0x00000000ecc00000)
  to   space 4096K, 0% used [0x00000000ec400000,0x00000000ec400000,0x00000000ec800000)
 ParOldGen       total 161792K, used 153150K [0x00000000c1c00000, 0x00000000cba00000, 0x00000000eb400000)
  object space 161792K, 94% used [0x00000000c1c00000,0x00000000cb18f8b8,0x00000000cba00000)
 Metaspace       used 23816K, capacity 24006K, committed 24192K, reserved 1071104K
  class space    used 2318K, capacity 2377K, committed 2432K, reserved 1048576K
}
Event: 226.693 GC heap before
{Heap before GC invocations=8 (full 2):
 PSYoungGen      total 20480K, used 2576K [0x00000000eb400000, 0x00000000ecc00000, 0x0000000100000000)
  eden space 16384K, 0% used [0x00000000eb400000,0x00000000eb400000,0x00000000ec400000)
  from space 4096K, 62% used [0x00000000ec800000,0x00000000eca84128,0x00000000ecc00000)
  to   space 4096K, 0% used [0x00000000ec400000,0x00000000ec400000,0x00000000ec800000)
 ParOldGen       total 161792K, used 153150K [0x00000000c1c00000, 0x00000000cba00000, 0x00000000eb400000)
  object space 161792K, 94% used [0x00000000c1c00000,0x00000000cb18f8b8,0x00000000cba00000)
 Metaspace       used 23816K, capacity 24006K, committed 24192K, reserved 1071104K
  class space    used 2318K, capacity 2377K, committed 2432K, reserved 1048576K
Event: 226.754 GC heap after
Heap after GC invocations=8 (full 2):
 PSYoungGen      total 20480K, used 0K [0x00000000eb400000, 0x00000000ecc00000, 0x0000000100000000)
  eden space 16384K, 0% used [0x00000000eb400000,0x00000000eb400000,0x00000000ec400000)
  from space 4096K, 0% used [0x00000000ec800000,0x00000000ec800000,0x00000000ecc00000)
  to   space 4096K, 0% used [0x00000000ec400000,0x00000000ec400000,0x00000000ec800000)
 ParOldGen       total 28672K, used 6824K [0x00000000c1c00000, 0x00000000c3800000, 0x00000000eb400000)
  object space 28672K, 23% used [0x00000000c1c00000,0x00000000c22aa238,0x00000000c3800000)
 Metaspace       used 23816K, capacity 24006K, committed 24192K, reserved 1071104K
  class space    used 2318K, capacity 2377K, committed 2432K, reserved 1048576K
}

